  [1m[35m (2.8ms)[0m  [1m[35mCREATE TABLE "schema_migrations" ("version" varchar NOT NULL PRIMARY KEY) /*application='Camaar'*/[0m
  [1m[35m (0.5ms)[0m  [1m[35mCREATE TABLE "ar_internal_metadata" ("key" varchar NOT NULL PRIMARY KEY, "value" varchar, "created_at" datetime(6) NOT NULL, "updated_at" datetime(6) NOT NULL) /*application='Camaar'*/[0m
  [1m[36mActiveRecord::InternalMetadata Load (0.3ms)[0m  [1m[34mSELECT * FROM "ar_internal_metadata" WHERE "ar_internal_metadata"."key" = 'environment' ORDER BY "ar_internal_metadata"."key" ASC LIMIT 1 /*application='Camaar'*/[0m
  [1m[36mActiveRecord::InternalMetadata Create (0.1ms)[0m  [1m[32mINSERT INTO "ar_internal_metadata" ("key", "value", "created_at", "updated_at") VALUES ('environment', 'development', '2025-07-14 01:55:36.230485', '2025-07-14 01:55:36.230488') RETURNING "key" /*application='Camaar'*/[0m
  [1m[36mActiveRecord::SchemaMigration Load (0.1ms)[0m  [1m[34mSELECT "schema_migrations"."version" FROM "schema_migrations" ORDER BY "schema_migrations"."version" ASC /*application='Camaar'*/[0m
  [1m[36mActiveRecord::InternalMetadata Load (0.2ms)[0m  [1m[34mSELECT * FROM "ar_internal_metadata" WHERE "ar_internal_metadata"."key" = 'environment' ORDER BY "ar_internal_metadata"."key" ASC LIMIT 1 /*application='Camaar'*/[0m
  [1m[36mActiveRecord::SchemaMigration Load (0.1ms)[0m  [1m[34mSELECT "schema_migrations"."version" FROM "schema_migrations" ORDER BY "schema_migrations"."version" ASC /*application='Camaar'*/[0m
Migrating to CreateUsers (20250714015628)
  [1m[36mTRANSACTION (0.1ms)[0m  [1m[35mBEGIN immediate TRANSACTION /*application='Camaar'*/[0m
  [1m[35m (5.3ms)[0m  [1m[35mCREATE TABLE "users" ("id" integer PRIMARY KEY AUTOINCREMENT NOT NULL, "name" varchar, "email" varchar, "registration" varchar, "status" varchar, "password_digest" varchar, "created_at" datetime(6) NOT NULL, "updated_at" datetime(6) NOT NULL) /*application='Camaar'*/[0m
  [1m[36mActiveRecord::SchemaMigration Create (2.0ms)[0m  [1m[32mINSERT INTO "schema_migrations" ("version") VALUES ('20250714015628') RETURNING "version" /*application='Camaar'*/[0m
  [1m[36mTRANSACTION (40.0ms)[0m  [1m[35mCOMMIT TRANSACTION /*application='Camaar'*/[0m
  [1m[36mActiveRecord::SchemaMigration Load (0.1ms)[0m  [1m[34mSELECT "schema_migrations"."version" FROM "schema_migrations" ORDER BY "schema_migrations"."version" ASC /*application='Camaar'*/[0m
  [1m[36mActiveRecord::InternalMetadata Load (0.6ms)[0m  [1m[34mSELECT * FROM "ar_internal_metadata" WHERE "ar_internal_metadata"."key" = 'environment' ORDER BY "ar_internal_metadata"."key" ASC LIMIT 1 /*application='Camaar'*/[0m
  [1m[36mActiveRecord::SchemaMigration Load (0.1ms)[0m  [1m[34mSELECT "schema_migrations"."version" FROM "schema_migrations" ORDER BY "schema_migrations"."version" ASC /*application='Camaar'*/[0m
Migrating to ChangeUserStatusToInteger (20250714021306)
  [1m[36mTRANSACTION (0.0ms)[0m  [1m[35mBEGIN immediate TRANSACTION /*application='Camaar'*/[0m
  [1m[35mSQL (0.0ms)[0m  [1m[35mPRAGMA foreign_keys /*application='Camaar'*/[0m
  [1m[35mSQL (0.0ms)[0m  [1m[35mPRAGMA defer_foreign_keys /*application='Camaar'*/[0m
  [1m[35m (0.0ms)[0m  [1m[35mPRAGMA defer_foreign_keys = ON /*application='Camaar'*/[0m
  [1m[35m (0.0ms)[0m  [1m[35mPRAGMA foreign_keys = OFF /*application='Camaar'*/[0m
  [1m[35m (0.2ms)[0m  [1m[35mCREATE TEMPORARY TABLE "ausers" ("id" integer PRIMARY KEY AUTOINCREMENT NOT NULL, "name" varchar, "email" varchar, "registration" varchar, "status" varchar, "password_digest" varchar, "created_at" datetime(6) NOT NULL, "updated_at" datetime(6) NOT NULL) /*application='Camaar'*/[0m
  [1m[35mSQL (0.1ms)[0m  [1m[32mINSERT INTO "ausers" ("id","name","email","registration","status","password_digest","created_at","updated_at")
                     SELECT "id","name","email","registration","status","password_digest","created_at","updated_at" FROM "users" /*application='Camaar'*/[0m
  [1m[35m (0.1ms)[0m  [1m[35mDROP TABLE "users" /*application='Camaar'*/[0m
  [1m[35m (0.0ms)[0m  [1m[35mPRAGMA defer_foreign_keys = 0 /*application='Camaar'*/[0m
  [1m[35m (0.0ms)[0m  [1m[35mPRAGMA foreign_keys = 1 /*application='Camaar'*/[0m
  [1m[36mTRANSACTION (0.1ms)[0m  [1m[31mROLLBACK TRANSACTION /*application='Camaar'*/[0m
  [1m[36mActiveRecord::InternalMetadata Load (0.2ms)[0m  [1m[34mSELECT * FROM "ar_internal_metadata" WHERE "ar_internal_metadata"."key" = 'environment' ORDER BY "ar_internal_metadata"."key" ASC LIMIT 1 /*application='Camaar'*/[0m
  [1m[36mActiveRecord::SchemaMigration Load (0.1ms)[0m  [1m[34mSELECT "schema_migrations"."version" FROM "schema_migrations" ORDER BY "schema_migrations"."version" ASC /*application='Camaar'*/[0m
Migrating to ChangeUserStatusToInteger (20250714021306)
  [1m[36mTRANSACTION (0.1ms)[0m  [1m[35mBEGIN immediate TRANSACTION /*application='Camaar'*/[0m
  [1m[35mSQL (0.0ms)[0m  [1m[35mPRAGMA foreign_keys /*application='Camaar'*/[0m
  [1m[35mSQL (0.0ms)[0m  [1m[35mPRAGMA defer_foreign_keys /*application='Camaar'*/[0m
  [1m[35m (0.0ms)[0m  [1m[35mPRAGMA defer_foreign_keys = ON /*application='Camaar'*/[0m
  [1m[35m (0.0ms)[0m  [1m[35mPRAGMA foreign_keys = OFF /*application='Camaar'*/[0m
  [1m[35m (0.1ms)[0m  [1m[35mCREATE TEMPORARY TABLE "ausers" ("id" integer PRIMARY KEY AUTOINCREMENT NOT NULL, "name" varchar, "email" varchar, "registration" varchar, "status" varchar, "password_digest" varchar, "created_at" datetime(6) NOT NULL, "updated_at" datetime(6) NOT NULL) /*application='Camaar'*/[0m
  [1m[35mSQL (0.1ms)[0m  [1m[32mINSERT INTO "ausers" ("id","name","email","registration","status","password_digest","created_at","updated_at")
                     SELECT "id","name","email","registration","status","password_digest","created_at","updated_at" FROM "users" /*application='Camaar'*/[0m
  [1m[35m (0.1ms)[0m  [1m[35mDROP TABLE "users" /*application='Camaar'*/[0m
  [1m[35m (0.1ms)[0m  [1m[35mCREATE TABLE "users" ("id" integer PRIMARY KEY AUTOINCREMENT NOT NULL, "name" varchar, "email" varchar, "registration" varchar, "status" integer DEFAULT 0, "password_digest" varchar, "created_at" datetime(6) NOT NULL, "updated_at" datetime(6) NOT NULL) /*application='Camaar'*/[0m
  [1m[35mSQL (0.1ms)[0m  [1m[32mINSERT INTO "users" ("id","name","email","registration","status","password_digest","created_at","updated_at")
                     SELECT "id","name","email","registration","status","password_digest","created_at","updated_at" FROM "ausers" /*application='Camaar'*/[0m
  [1m[35m (0.1ms)[0m  [1m[35mDROP TABLE "ausers" /*application='Camaar'*/[0m
  [1m[35m (0.0ms)[0m  [1m[35mPRAGMA defer_foreign_keys = 0 /*application='Camaar'*/[0m
  [1m[35m (0.0ms)[0m  [1m[35mPRAGMA foreign_keys = 1 /*application='Camaar'*/[0m
  [1m[36mActiveRecord::SchemaMigration Create (0.1ms)[0m  [1m[32mINSERT INTO "schema_migrations" ("version") VALUES ('20250714021306') RETURNING "version" /*application='Camaar'*/[0m
  [1m[36mTRANSACTION (2.1ms)[0m  [1m[35mCOMMIT TRANSACTION /*application='Camaar'*/[0m
  [1m[36mActiveRecord::SchemaMigration Load (0.0ms)[0m  [1m[34mSELECT "schema_migrations"."version" FROM "schema_migrations" ORDER BY "schema_migrations"."version" ASC /*application='Camaar'*/[0m
  [1m[36mActiveRecord::SchemaMigration Load (0.1ms)[0m  [1m[34mSELECT "schema_migrations"."version" FROM "schema_migrations" ORDER BY "schema_migrations"."version" ASC /*application='Camaar'*/[0m
  [1m[36mActiveRecord::SchemaMigration Load (0.1ms)[0m  [1m[34mSELECT "schema_migrations"."version" FROM "schema_migrations" ORDER BY "schema_migrations"."version" ASC /*application='Camaar'*/[0m
  [1m[36mActiveRecord::SchemaMigration Load (0.0ms)[0m  [1m[34mSELECT "schema_migrations"."version" FROM "schema_migrations" ORDER BY "schema_migrations"."version" ASC /*application='Camaar'*/[0m
  [1m[36mActiveRecord::SchemaMigration Load (0.1ms)[0m  [1m[34mSELECT "schema_migrations"."version" FROM "schema_migrations" ORDER BY "schema_migrations"."version" ASC /*application='Camaar'*/[0m
Migrating to ChangeUserStatusToInteger (20250714021306)
  [1m[36mTRANSACTION (0.0ms)[0m  [1m[35mBEGIN immediate TRANSACTION /*application='Camaar'*/[0m
  [1m[35mSQL (0.0ms)[0m  [1m[35mPRAGMA foreign_keys /*application='Camaar'*/[0m
  [1m[35mSQL (0.0ms)[0m  [1m[35mPRAGMA defer_foreign_keys /*application='Camaar'*/[0m
  [1m[35m (0.0ms)[0m  [1m[35mPRAGMA defer_foreign_keys = ON /*application='Camaar'*/[0m
  [1m[35m (0.0ms)[0m  [1m[35mPRAGMA foreign_keys = OFF /*application='Camaar'*/[0m
  [1m[35m (0.1ms)[0m  [1m[35mCREATE TEMPORARY TABLE "ausers" ("id" integer PRIMARY KEY AUTOINCREMENT NOT NULL, "name" varchar, "email" varchar, "registration" varchar, "status" integer DEFAULT 0, "password_digest" varchar, "created_at" datetime(6) NOT NULL, "updated_at" datetime(6) NOT NULL) /*application='Camaar'*/[0m
  [1m[35mSQL (0.1ms)[0m  [1m[32mINSERT INTO "ausers" ("id","name","email","registration","status","password_digest","created_at","updated_at")
                     SELECT "id","name","email","registration","status","password_digest","created_at","updated_at" FROM "users" /*application='Camaar'*/[0m
  [1m[35m (0.1ms)[0m  [1m[35mDROP TABLE "users" /*application='Camaar'*/[0m
  [1m[35m (0.1ms)[0m  [1m[35mCREATE TABLE "users" ("id" integer PRIMARY KEY AUTOINCREMENT NOT NULL, "name" varchar, "email" varchar, "registration" varchar, "status" varchar, "password_digest" varchar, "created_at" datetime(6) NOT NULL, "updated_at" datetime(6) NOT NULL) /*application='Camaar'*/[0m
  [1m[35mSQL (0.1ms)[0m  [1m[32mINSERT INTO "users" ("id","name","email","registration","status","password_digest","created_at","updated_at")
                     SELECT "id","name","email","registration","status","password_digest","created_at","updated_at" FROM "ausers" /*application='Camaar'*/[0m
  [1m[35m (0.1ms)[0m  [1m[35mDROP TABLE "ausers" /*application='Camaar'*/[0m
  [1m[35m (0.0ms)[0m  [1m[35mPRAGMA defer_foreign_keys = 0 /*application='Camaar'*/[0m
  [1m[35m (0.0ms)[0m  [1m[35mPRAGMA foreign_keys = 1 /*application='Camaar'*/[0m
  [1m[36mActiveRecord::SchemaMigration Destroy (0.0ms)[0m  [1m[31mDELETE FROM "schema_migrations" WHERE "schema_migrations"."version" = '20250714021306' /*application='Camaar'*/[0m
  [1m[36mTRANSACTION (2.0ms)[0m  [1m[35mCOMMIT TRANSACTION /*application='Camaar'*/[0m
  [1m[36mActiveRecord::SchemaMigration Load (0.0ms)[0m  [1m[34mSELECT "schema_migrations"."version" FROM "schema_migrations" ORDER BY "schema_migrations"."version" ASC /*application='Camaar'*/[0m
  [1m[36mActiveRecord::InternalMetadata Load (0.1ms)[0m  [1m[34mSELECT * FROM "ar_internal_metadata" WHERE "ar_internal_metadata"."key" = 'environment' ORDER BY "ar_internal_metadata"."key" ASC LIMIT 1 /*application='Camaar'*/[0m
  [1m[36mActiveRecord::SchemaMigration Load (0.1ms)[0m  [1m[34mSELECT "schema_migrations"."version" FROM "schema_migrations" ORDER BY "schema_migrations"."version" ASC /*application='Camaar'*/[0m
Migrating to ChangeUserStatusToInteger (20250714021306)
  [1m[36mTRANSACTION (0.0ms)[0m  [1m[35mBEGIN immediate TRANSACTION /*application='Camaar'*/[0m
  [1m[35mSQL (0.1ms)[0m  [1m[35mPRAGMA foreign_keys /*application='Camaar'*/[0m
  [1m[35mSQL (0.0ms)[0m  [1m[35mPRAGMA defer_foreign_keys /*application='Camaar'*/[0m
  [1m[35m (0.0ms)[0m  [1m[35mPRAGMA defer_foreign_keys = ON /*application='Camaar'*/[0m
  [1m[35m (0.0ms)[0m  [1m[35mPRAGMA foreign_keys = OFF /*application='Camaar'*/[0m
  [1m[35m (0.2ms)[0m  [1m[35mCREATE TEMPORARY TABLE "ausers" ("id" integer PRIMARY KEY AUTOINCREMENT NOT NULL, "name" varchar, "email" varchar, "registration" varchar, "status" varchar, "password_digest" varchar, "created_at" datetime(6) NOT NULL, "updated_at" datetime(6) NOT NULL) /*application='Camaar'*/[0m
  [1m[35mSQL (0.1ms)[0m  [1m[32mINSERT INTO "ausers" ("id","name","email","registration","status","password_digest","created_at","updated_at")
                     SELECT "id","name","email","registration","status","password_digest","created_at","updated_at" FROM "users" /*application='Camaar'*/[0m
  [1m[35m (0.2ms)[0m  [1m[35mDROP TABLE "users" /*application='Camaar'*/[0m
  [1m[35m (0.1ms)[0m  [1m[35mCREATE TABLE "users" ("id" integer PRIMARY KEY AUTOINCREMENT NOT NULL, "name" varchar, "email" varchar, "registration" varchar, "status" integer DEFAULT 0, "password_digest" varchar, "created_at" datetime(6) NOT NULL, "updated_at" datetime(6) NOT NULL) /*application='Camaar'*/[0m
  [1m[35mSQL (0.1ms)[0m  [1m[32mINSERT INTO "users" ("id","name","email","registration","status","password_digest","created_at","updated_at")
                     SELECT "id","name","email","registration","status","password_digest","created_at","updated_at" FROM "ausers" /*application='Camaar'*/[0m
  [1m[35m (0.2ms)[0m  [1m[35mDROP TABLE "ausers" /*application='Camaar'*/[0m
  [1m[35m (0.0ms)[0m  [1m[35mPRAGMA defer_foreign_keys = 0 /*application='Camaar'*/[0m
  [1m[35m (0.0ms)[0m  [1m[35mPRAGMA foreign_keys = 1 /*application='Camaar'*/[0m
  [1m[36mActiveRecord::SchemaMigration Create (0.2ms)[0m  [1m[32mINSERT INTO "schema_migrations" ("version") VALUES ('20250714021306') RETURNING "version" /*application='Camaar'*/[0m
  [1m[36mTRANSACTION (2.3ms)[0m  [1m[35mCOMMIT TRANSACTION /*application='Camaar'*/[0m
  [1m[36mActiveRecord::SchemaMigration Load (0.1ms)[0m  [1m[34mSELECT "schema_migrations"."version" FROM "schema_migrations" ORDER BY "schema_migrations"."version" ASC /*application='Camaar'*/[0m
  [1m[36mActiveRecord::InternalMetadata Load (0.1ms)[0m  [1m[34mSELECT * FROM "ar_internal_metadata" WHERE "ar_internal_metadata"."key" = 'environment' ORDER BY "ar_internal_metadata"."key" ASC LIMIT 1 /*application='Camaar'*/[0m
  [1m[36mActiveRecord::SchemaMigration Load (0.1ms)[0m  [1m[34mSELECT "schema_migrations"."version" FROM "schema_migrations" ORDER BY "schema_migrations"."version" ASC /*application='Camaar'*/[0m
Migrating to CreateTestModels (20250714022350)
  [1m[36mTRANSACTION (0.0ms)[0m  [1m[35mBEGIN immediate TRANSACTION /*application='Camaar'*/[0m
  [1m[35m (1.0ms)[0m  [1m[35mCREATE TABLE "test_models" ("id" integer PRIMARY KEY AUTOINCREMENT NOT NULL, "name" varchar, "status" integer, "created_at" datetime(6) NOT NULL, "updated_at" datetime(6) NOT NULL) /*application='Camaar'*/[0m
  [1m[36mActiveRecord::SchemaMigration Create (0.1ms)[0m  [1m[32mINSERT INTO "schema_migrations" ("version") VALUES ('20250714022350') RETURNING "version" /*application='Camaar'*/[0m
  [1m[36mTRANSACTION (2.4ms)[0m  [1m[35mCOMMIT TRANSACTION /*application='Camaar'*/[0m
  [1m[36mActiveRecord::SchemaMigration Load (0.1ms)[0m  [1m[34mSELECT "schema_migrations"."version" FROM "schema_migrations" ORDER BY "schema_migrations"."version" ASC /*application='Camaar'*/[0m
